{"/Users/maggiewilliams/Documents/guard-scheduling-rleuiv/solution/typescript/code/src/endpoints/schedules.ts": {"path":"/Users/maggiewilliams/Documents/guard-scheduling-rleuiv/solution/typescript/code/src/endpoints/schedules.ts","statementMap":{"0":{"start":{"line":10,"column":0},"end":{"line":10,"column":53}},"1":{"start":{"line":11,"column":0},"end":{"line":11,"column":28}},"2":{"start":{"line":12,"column":0},"end":{"line":12,"column":42}},"3":{"start":{"line":20,"column":0},"end":{"line":20,"column":60}},"4":{"start":{"line":21,"column":0},"end":{"line":21,"column":54}},"5":{"start":{"line":22,"column":0},"end":{"line":22,"column":64}},"6":{"start":{"line":25,"column":21},"end":{"line":25,"column":70}},"7":{"start":{"line":27,"column":13},"end":{"line":27,"column":48}},"8":{"start":{"line":34,"column":23},"end":{"line":57,"column":1}},"9":{"start":{"line":35,"column":26},"end":{"line":35,"column":28}},"10":{"start":{"line":36,"column":2},"end":{"line":55,"column":null}},"11":{"start":{"line":37,"column":53},"end":{"line":37,"column":61}},"12":{"start":{"line":38,"column":25},"end":{"line":38,"column":42}},"13":{"start":{"line":39,"column":21},"end":{"line":39,"column":36}},"14":{"start":{"line":40,"column":4},"end":{"line":54,"column":null}},"15":{"start":{"line":41,"column":31},"end":{"line":41,"column":65}},"16":{"start":{"line":43,"column":6},"end":{"line":51,"column":null}},"17":{"start":{"line":44,"column":29},"end":{"line":49,"column":10}},"18":{"start":{"line":50,"column":8},"end":{"line":50,"column":27}},"19":{"start":{"line":53,"column":6},"end":{"line":53,"column":53}},"20":{"start":{"line":56,"column":2},"end":{"line":56,"column":59}},"21":{"start":{"line":60,"column":2},"end":{"line":60,"column":67}},"22":{"start":{"line":60,"column":26},"end":{"line":60,"column":65}},"23":{"start":{"line":72,"column":30},"end":{"line":117,"column":1}},"24":{"start":{"line":73,"column":27},"end":{"line":73,"column":95}},"25":{"start":{"line":73,"column":54},"end":{"line":73,"column":94}},"26":{"start":{"line":75,"column":17},"end":{"line":75,"column":68}},"27":{"start":{"line":76,"column":54},"end":{"line":76,"column":56}},"28":{"start":{"line":77,"column":33},"end":{"line":77,"column":35}},"29":{"start":{"line":79,"column":2},"end":{"line":114,"column":5}},"30":{"start":{"line":80,"column":22},"end":{"line":80,"column":32}},"31":{"start":{"line":83,"column":28},"end":{"line":83,"column":112}},"32":{"start":{"line":83,"column":57},"end":{"line":83,"column":111}},"33":{"start":{"line":86,"column":41},"end":{"line":90,"column":null}},"34":{"start":{"line":87,"column":36},"end":{"line":87,"column":61}},"35":{"start":{"line":88,"column":8},"end":{"line":88,"column":46}},"36":{"start":{"line":88,"column":34},"end":{"line":88,"column":46}},"37":{"start":{"line":89,"column":8},"end":{"line":89,"column":null}},"38":{"start":{"line":89,"column":60},"end":{"line":89,"column":93}},"39":{"start":{"line":94,"column":27},"end":{"line":95,"column":null}},"40":{"start":{"line":95,"column":17},"end":{"line":95,"column":75}},"41":{"start":{"line":98,"column":4},"end":{"line":113,"column":null}},"42":{"start":{"line":101,"column":20},"end":{"line":101,"column":37}},"43":{"start":{"line":104,"column":6},"end":{"line":108,"column":null}},"44":{"start":{"line":105,"column":8},"end":{"line":105,"column":46}},"45":{"start":{"line":107,"column":8},"end":{"line":107,"column":44}},"46":{"start":{"line":110,"column":6},"end":{"line":110,"column":null}},"47":{"start":{"line":112,"column":6},"end":{"line":112,"column":null}},"48":{"start":{"line":116,"column":2},"end":{"line":116,"column":null}},"49":{"start":{"line":72,"column":13},"end":{"line":72,"column":30}},"50":{"start":{"line":124,"column":0},"end":{"line":135,"column":3}},"51":{"start":{"line":125,"column":20},"end":{"line":125,"column":69}},"52":{"start":{"line":126,"column":18},"end":{"line":126,"column":65}},"53":{"start":{"line":128,"column":26},"end":{"line":128,"column":106}},"54":{"start":{"line":130,"column":2},"end":{"line":134,"column":null}},"55":{"start":{"line":131,"column":4},"end":{"line":131,"column":38}},"56":{"start":{"line":133,"column":4},"end":{"line":133,"column":60}}},"fnMap":{"0":{"name":"(anonymous_1)","decl":{"start":{"line":34,"column":23},"end":{"line":34,"column":24}},"loc":{"start":{"line":34,"column":94},"end":{"line":57,"column":1}}},"1":{"name":"(anonymous_2)","decl":{"start":{"line":36,"column":20},"end":{"line":36,"column":28}},"loc":{"start":{"line":36,"column":31},"end":{"line":55,"column":3}}},"2":{"name":"hasPTORequest","decl":{"start":{"line":59,"column":9},"end":{"line":59,"column":22}},"loc":{"start":{"line":59,"column":66},"end":{"line":61,"column":1}}},"3":{"name":"(anonymous_4)","decl":{"start":{"line":60,"column":18},"end":{"line":60,"column":19}},"loc":{"start":{"line":60,"column":26},"end":{"line":60,"column":65}}},"4":{"name":"(anonymous_5)","decl":{"start":{"line":72,"column":30},"end":{"line":72,"column":31}},"loc":{"start":{"line":72,"column":130},"end":{"line":117,"column":1}}},"5":{"name":"(anonymous_6)","decl":{"start":{"line":73,"column":48},"end":{"line":73,"column":49}},"loc":{"start":{"line":73,"column":54},"end":{"line":73,"column":94}}},"6":{"name":"(anonymous_7)","decl":{"start":{"line":79,"column":17},"end":{"line":79,"column":18}},"loc":{"start":{"line":79,"column":27},"end":{"line":114,"column":3}}},"7":{"name":"(anonymous_8)","decl":{"start":{"line":83,"column":46},"end":{"line":83,"column":47}},"loc":{"start":{"line":83,"column":57},"end":{"line":83,"column":111}}},"8":{"name":"(anonymous_9)","decl":{"start":{"line":86,"column":64},"end":{"line":86,"column":65}},"loc":{"start":{"line":86,"column":74},"end":{"line":90,"column":7}}},"9":{"name":"(anonymous_10)","decl":{"start":{"line":89,"column":41},"end":{"line":89,"column":42}},"loc":{"start":{"line":89,"column":60},"end":{"line":89,"column":93}}},"10":{"name":"(anonymous_11)","decl":{"start":{"line":95,"column":6},"end":{"line":95,"column":7}},"loc":{"start":{"line":95,"column":17},"end":{"line":95,"column":75}}},"11":{"name":"(anonymous_12)","decl":{"start":{"line":124,"column":54},"end":{"line":124,"column":55}},"loc":{"start":{"line":124,"column":86},"end":{"line":135,"column":1}}}},"branchMap":{"0":{"loc":{"start":{"line":43,"column":6},"end":{"line":51,"column":null}},"type":"if","locations":[{"start":{"line":43,"column":6},"end":{"line":51,"column":null}}]},"1":{"loc":{"start":{"line":60,"column":26},"end":{"line":60,"column":65}},"type":"binary-expr","locations":[{"start":{"line":60,"column":26},"end":{"line":60,"column":46}},{"start":{"line":60,"column":50},"end":{"line":60,"column":65}}]},"2":{"loc":{"start":{"line":88,"column":8},"end":{"line":88,"column":46}},"type":"if","locations":[{"start":{"line":88,"column":8},"end":{"line":88,"column":46}}]},"3":{"loc":{"start":{"line":98,"column":4},"end":{"line":113,"column":null}},"type":"if","locations":[{"start":{"line":98,"column":4},"end":{"line":113,"column":null}},{"start":{"line":111,"column":11},"end":{"line":113,"column":null}}]},"4":{"loc":{"start":{"line":98,"column":8},"end":{"line":98,"column":47}},"type":"binary-expr","locations":[{"start":{"line":98,"column":8},"end":{"line":98,"column":22}},{"start":{"line":98,"column":26},"end":{"line":98,"column":47}}]},"5":{"loc":{"start":{"line":104,"column":6},"end":{"line":108,"column":null}},"type":"if","locations":[{"start":{"line":104,"column":6},"end":{"line":108,"column":null}},{"start":{"line":106,"column":13},"end":{"line":108,"column":null}}]},"6":{"loc":{"start":{"line":130,"column":2},"end":{"line":134,"column":null}},"type":"if","locations":[{"start":{"line":130,"column":2},"end":{"line":134,"column":null}},{"start":{"line":132,"column":9},"end":{"line":134,"column":null}}]},"7":{"loc":{"start":{"line":130,"column":6},"end":{"line":130,"column":47}},"type":"binary-expr","locations":[{"start":{"line":130,"column":6},"end":{"line":130,"column":21}},{"start":{"line":130,"column":25},"end":{"line":130,"column":47}}]}},"s":{"0":4,"1":4,"2":4,"3":4,"4":4,"5":4,"6":4,"7":4,"8":4,"9":0,"10":0,"11":0,"12":0,"13":0,"14":0,"15":0,"16":0,"17":0,"18":0,"19":0,"20":0,"21":0,"22":0,"23":4,"24":0,"25":0,"26":0,"27":0,"28":0,"29":0,"30":0,"31":0,"32":0,"33":0,"34":0,"35":0,"36":0,"37":0,"38":0,"39":0,"40":0,"41":0,"42":0,"43":0,"44":0,"45":0,"46":0,"47":0,"48":0,"49":4,"50":4,"51":0,"52":0,"53":0,"54":0,"55":0,"56":0},"f":{"0":0,"1":0,"2":0,"3":0,"4":0,"5":0,"6":0,"7":0,"8":0,"9":0,"10":0,"11":0},"b":{"0":[0],"1":[0,0],"2":[0],"3":[0,0],"4":[0,0],"5":[0,0],"6":[0,0],"7":[0,0]}}
,"/Users/maggiewilliams/Documents/guard-scheduling-rleuiv/solution/typescript/code/src/helpers/sortBy.ts": {"path":"/Users/maggiewilliams/Documents/guard-scheduling-rleuiv/solution/typescript/code/src/helpers/sortBy.ts","statementMap":{"0":{"start":{"line":7,"column":22},"end":{"line":24,"column":1}},"1":{"start":{"line":8,"column":14},"end":{"line":10,"column":24}},"2":{"start":{"line":9,"column":16},"end":{"line":9,"column":32}},"3":{"start":{"line":10,"column":16},"end":{"line":10,"column":24}},"4":{"start":{"line":12,"column":21},"end":{"line":12,"column":30}},"5":{"start":{"line":13,"column":2},"end":{"line":17,"column":5}},"6":{"start":{"line":14,"column":19},"end":{"line":14,"column":25}},"7":{"start":{"line":15,"column":19},"end":{"line":15,"column":25}},"8":{"start":{"line":16,"column":4},"end":{"line":16,"column":62}},"9":{"start":{"line":19,"column":2},"end":{"line":21,"column":null}},"10":{"start":{"line":20,"column":4},"end":{"line":20,"column":25}},"11":{"start":{"line":23,"column":2},"end":{"line":23,"column":20}},"12":{"start":{"line":7,"column":13},"end":{"line":7,"column":22}}},"fnMap":{"0":{"name":"(anonymous_0)","decl":{"start":{"line":7,"column":22},"end":{"line":7,"column":26}},"loc":{"start":{"line":7,"column":88},"end":{"line":24,"column":1}}},"1":{"name":"(anonymous_1)","decl":{"start":{"line":9,"column":6},"end":{"line":9,"column":7}},"loc":{"start":{"line":9,"column":16},"end":{"line":9,"column":32}}},"2":{"name":"(anonymous_2)","decl":{"start":{"line":10,"column":6},"end":{"line":10,"column":7}},"loc":{"start":{"line":10,"column":16},"end":{"line":10,"column":24}}},"3":{"name":"(anonymous_3)","decl":{"start":{"line":13,"column":18},"end":{"line":13,"column":19}},"loc":{"start":{"line":13,"column":33},"end":{"line":17,"column":3}}}},"branchMap":{"0":{"loc":{"start":{"line":8,"column":14},"end":{"line":10,"column":24}},"type":"cond-expr","locations":[{"start":{"line":9,"column":6},"end":{"line":9,"column":32}},{"start":{"line":10,"column":6},"end":{"line":10,"column":24}}]},"1":{"loc":{"start":{"line":16,"column":11},"end":{"line":16,"column":61}},"type":"cond-expr","locations":[{"start":{"line":16,"column":31},"end":{"line":16,"column":32}},{"start":{"line":16,"column":35},"end":{"line":16,"column":61}}]},"2":{"loc":{"start":{"line":16,"column":35},"end":{"line":16,"column":61}},"type":"cond-expr","locations":[{"start":{"line":16,"column":55},"end":{"line":16,"column":57}},{"start":{"line":16,"column":60},"end":{"line":16,"column":61}}]},"3":{"loc":{"start":{"line":19,"column":2},"end":{"line":21,"column":null}},"type":"if","locations":[{"start":{"line":19,"column":2},"end":{"line":21,"column":null}}]}},"s":{"0":4,"1":0,"2":0,"3":0,"4":0,"5":0,"6":0,"7":0,"8":0,"9":0,"10":0,"11":0,"12":4},"f":{"0":0,"1":0,"2":0,"3":0},"b":{"0":[0,0],"1":[0,0],"2":[0,0],"3":[0]}}
,"/Users/maggiewilliams/Documents/guard-scheduling-rleuiv/solution/typescript/code/src/sampleData/contractsData.ts": {"path":"/Users/maggiewilliams/Documents/guard-scheduling-rleuiv/solution/typescript/code/src/sampleData/contractsData.ts","statementMap":{"0":{"start":{"line":3,"column":13},"end":{"line":28,"column":2}}},"fnMap":{},"branchMap":{},"s":{"0":4},"f":{},"b":{}}
,"/Users/maggiewilliams/Documents/guard-scheduling-rleuiv/solution/typescript/code/src/sampleData/guardsData.ts": {"path":"/Users/maggiewilliams/Documents/guard-scheduling-rleuiv/solution/typescript/code/src/sampleData/guardsData.ts","statementMap":{"0":{"start":{"line":3,"column":13},"end":{"line":9,"column":2}}},"fnMap":{},"branchMap":{},"s":{"0":4},"f":{},"b":{}}
,"/Users/maggiewilliams/Documents/guard-scheduling-rleuiv/solution/typescript/code/src/sampleData/ptoScheduleData.ts": {"path":"/Users/maggiewilliams/Documents/guard-scheduling-rleuiv/solution/typescript/code/src/sampleData/ptoScheduleData.ts","statementMap":{"0":{"start":{"line":3,"column":13},"end":{"line":13,"column":2}}},"fnMap":{},"branchMap":{},"s":{"0":4},"f":{},"b":{}}
}
